<?xml version="1.0" encoding="UTF-8"?>
<!-- Generated by org.testng.reporters.JUnitXMLReporter -->
<testsuite hostname="wangxun" name="Default test" tests="6" failures="0" timestamp="30 Nov 2015 10:12:51 GMT" time="177.72" errors="0">
  <testcase name="test001enterContactsPage" time="36.353" classname="projects.ticket.testCases.android.contacts"/>
  <testcase name="test002checkName" time="21.315" classname="projects.ticket.testCases.android.contacts"/>
  <testcase name="test003checkPhone" time="46.691" classname="projects.ticket.testCases.android.contacts"/>
  <testcase name="test004checkID" time="34.016" classname="projects.ticket.testCases.android.contacts"/>
  <testcase name="test005addContact" time="13.699" classname="projects.ticket.testCases.android.contacts"/>
  <testcase name="test006deleteContact" time="5.208" classname="projects.ticket.testCases.android.contacts"/>
</testsuite> <!-- Default test -->
